2023-05-18 09:43:29.881 INFO  o.s.t.c.s.AnnotationConfigContextLoaderUtils - Could not detect default configuration classes for test class [com.PackageMeasurementConversion.API.Package.Measurement.Conversion.ApiPackageMeasurementConversionApplicationTests]: ApiPackageMeasurementConversionApplicationTests does not declare any static, non-private, non-final, nested classes annotated with @Configuration.
2023-05-18 09:43:30.070 INFO  o.s.b.t.c.SpringBootTestContextBootstrapper - Found @SpringBootConfiguration com.PackageMeasurementConversion.API.Package.Measurement.Conversion.ApiPackageMeasurementConversionApplication for test class com.PackageMeasurementConversion.API.Package.Measurement.Conversion.ApiPackageMeasurementConversionApplicationTests
2023-05-18 09:43:30.712 INFO  c.P.A.P.M.C.ApiPackageMeasurementConversionApplicationTests - Starting ApiPackageMeasurementConversionApplicationTests using Java 17.0.1 with PID 15332 (started by LAP-4 in C:\Users\LAP-4\Downloads\API Package Measurement Conversion\API-Package-Measurement-Conversion)
2023-05-18 09:43:30.715 INFO  c.P.A.P.M.C.ApiPackageMeasurementConversionApplicationTests - No active profile set, falling back to 1 default profile: "default"
2023-05-18 09:43:32.286 INFO  c.P.A.P.M.C.ApiPackageMeasurementConversionApplicationTests - Started ApiPackageMeasurementConversionApplicationTests in 1.941 seconds (process running for 3.811)
2023-05-18 09:45:12.031 INFO  o.s.t.c.s.AnnotationConfigContextLoaderUtils - Could not detect default configuration classes for test class [com.PackageMeasurementConversion.API.Package.Measurement.Conversion.ApiPackageMeasurementConversionApplicationTests]: ApiPackageMeasurementConversionApplicationTests does not declare any static, non-private, non-final, nested classes annotated with @Configuration.
2023-05-18 09:45:12.170 INFO  o.s.b.t.c.SpringBootTestContextBootstrapper - Found @SpringBootConfiguration com.PackageMeasurementConversion.API.Package.Measurement.Conversion.ApiPackageMeasurementConversionApplication for test class com.PackageMeasurementConversion.API.Package.Measurement.Conversion.ApiPackageMeasurementConversionApplicationTests
2023-05-18 09:45:12.646 INFO  c.P.A.P.M.C.ApiPackageMeasurementConversionApplicationTests - Starting ApiPackageMeasurementConversionApplicationTests using Java 17.0.1 with PID 15388 (started by LAP-4 in C:\Users\LAP-4\Downloads\API Package Measurement Conversion\API-Package-Measurement-Conversion)
2023-05-18 09:45:12.648 INFO  c.P.A.P.M.C.ApiPackageMeasurementConversionApplicationTests - No active profile set, falling back to 1 default profile: "default"
2023-05-18 09:45:14.063 INFO  c.P.A.P.M.C.ApiPackageMeasurementConversionApplicationTests - Started ApiPackageMeasurementConversionApplicationTests in 1.684 seconds (process running for 3.175)
2023-05-18 09:47:31.502 INFO  o.s.t.c.s.AnnotationConfigContextLoaderUtils - Could not detect default configuration classes for test class [com.PackageMeasurementConversion.API.Package.Measurement.Conversion.ApiPackageMeasurementConversionApplicationTests]: ApiPackageMeasurementConversionApplicationTests does not declare any static, non-private, non-final, nested classes annotated with @Configuration.
2023-05-18 09:47:31.709 INFO  o.s.b.t.c.SpringBootTestContextBootstrapper - Found @SpringBootConfiguration com.PackageMeasurementConversion.API.Package.Measurement.Conversion.ApiPackageMeasurementConversionApplication for test class com.PackageMeasurementConversion.API.Package.Measurement.Conversion.ApiPackageMeasurementConversionApplicationTests
2023-05-18 09:47:32.236 INFO  c.P.A.P.M.C.ApiPackageMeasurementConversionApplicationTests - Starting ApiPackageMeasurementConversionApplicationTests using Java 17.0.1 with PID 13720 (started by LAP-4 in C:\Users\LAP-4\Downloads\API Package Measurement Conversion\API-Package-Measurement-Conversion)
2023-05-18 09:47:32.237 INFO  c.P.A.P.M.C.ApiPackageMeasurementConversionApplicationTests - No active profile set, falling back to 1 default profile: "default"
2023-05-18 09:47:33.773 INFO  c.P.A.P.M.C.ApiPackageMeasurementConversionApplicationTests - Started ApiPackageMeasurementConversionApplicationTests in 1.8 seconds (process running for 3.603)
2023-05-18 09:48:26.814 INFO  o.s.t.c.s.AnnotationConfigContextLoaderUtils - Could not detect default configuration classes for test class [com.PackageMeasurementConversion.API.Package.Measurement.Conversion.ApiPackageMeasurementConversionApplicationTests]: ApiPackageMeasurementConversionApplicationTests does not declare any static, non-private, non-final, nested classes annotated with @Configuration.
2023-05-18 09:48:26.910 INFO  o.s.b.t.c.SpringBootTestContextBootstrapper - Found @SpringBootConfiguration com.PackageMeasurementConversion.API.Package.Measurement.Conversion.ApiPackageMeasurementConversionApplication for test class com.PackageMeasurementConversion.API.Package.Measurement.Conversion.ApiPackageMeasurementConversionApplicationTests
2023-05-18 09:48:27.273 INFO  c.P.A.P.M.C.ApiPackageMeasurementConversionApplicationTests - Starting ApiPackageMeasurementConversionApplicationTests using Java 17.0.1 with PID 13812 (started by LAP-4 in C:\Users\LAP-4\Downloads\API Package Measurement Conversion\API-Package-Measurement-Conversion)
2023-05-18 09:48:27.274 INFO  c.P.A.P.M.C.ApiPackageMeasurementConversionApplicationTests - No active profile set, falling back to 1 default profile: "default"
2023-05-18 09:48:28.491 INFO  c.P.A.P.M.C.ApiPackageMeasurementConversionApplicationTests - Started ApiPackageMeasurementConversionApplicationTests in 1.426 seconds (process running for 2.558)
2023-05-18 09:56:21.423 INFO  o.s.t.c.s.AnnotationConfigContextLoaderUtils - Could not detect default configuration classes for test class [com.PackageMeasurementConversion.API.Package.Measurement.Conversion.ApiPackageMeasurementConversionApplicationTests]: ApiPackageMeasurementConversionApplicationTests does not declare any static, non-private, non-final, nested classes annotated with @Configuration.
2023-05-18 09:56:21.591 INFO  o.s.b.t.c.SpringBootTestContextBootstrapper - Found @SpringBootConfiguration com.PackageMeasurementConversion.API.Package.Measurement.Conversion.ApiPackageMeasurementConversionApplication for test class com.PackageMeasurementConversion.API.Package.Measurement.Conversion.ApiPackageMeasurementConversionApplicationTests
2023-05-18 09:56:22.105 INFO  c.P.A.P.M.C.ApiPackageMeasurementConversionApplicationTests - Starting ApiPackageMeasurementConversionApplicationTests using Java 17.0.1 with PID 12116 (started by LAP-4 in C:\Users\LAP-4\Downloads\API Package Measurement Conversion\API-Package-Measurement-Conversion)
2023-05-18 09:56:22.107 INFO  c.P.A.P.M.C.ApiPackageMeasurementConversionApplicationTests - No active profile set, falling back to 1 default profile: "default"
2023-05-18 09:56:23.557 INFO  c.P.A.P.M.C.ApiPackageMeasurementConversionApplicationTests - Started ApiPackageMeasurementConversionApplicationTests in 1.746 seconds (process running for 3.215)
2023-05-18 10:47:36.819 INFO  o.s.t.c.s.AnnotationConfigContextLoaderUtils - Could not detect default configuration classes for test class [com.PackageMeasurementConversion.API.Package.Measurement.Conversion.ApiPackageMeasurementConversionApplicationTests]: ApiPackageMeasurementConversionApplicationTests does not declare any static, non-private, non-final, nested classes annotated with @Configuration.
2023-05-18 10:47:36.962 INFO  o.s.b.t.c.SpringBootTestContextBootstrapper - Found @SpringBootConfiguration com.PackageMeasurementConversion.API.Package.Measurement.Conversion.ApiPackageMeasurementConversionApplication for test class com.PackageMeasurementConversion.API.Package.Measurement.Conversion.ApiPackageMeasurementConversionApplicationTests
2023-05-18 10:47:37.424 INFO  c.P.A.P.M.C.ApiPackageMeasurementConversionApplicationTests - Starting ApiPackageMeasurementConversionApplicationTests using Java 17.0.1 with PID 15112 (started by LAP-4 in C:\Users\LAP-4\Downloads\API Package Measurement Conversion\API-Package-Measurement-Conversion)
2023-05-18 10:47:37.426 INFO  c.P.A.P.M.C.ApiPackageMeasurementConversionApplicationTests - No active profile set, falling back to 1 default profile: "default"
2023-05-18 10:47:38.832 INFO  c.P.A.P.M.C.ApiPackageMeasurementConversionApplicationTests - Started ApiPackageMeasurementConversionApplicationTests in 1.666 seconds (process running for 2.964)
2023-05-18 11:40:37.802 INFO  o.s.t.c.s.AnnotationConfigContextLoaderUtils - Could not detect default configuration classes for test class [com.PackageMeasurementConversion.API.Package.Measurement.Conversion.ApiPackageMeasurementConversionApplicationTests]: ApiPackageMeasurementConversionApplicationTests does not declare any static, non-private, non-final, nested classes annotated with @Configuration.
2023-05-18 11:40:37.925 INFO  o.s.b.t.c.SpringBootTestContextBootstrapper - Found @SpringBootConfiguration com.PackageMeasurementConversion.API.Package.Measurement.Conversion.ApiPackageMeasurementConversionApplication for test class com.PackageMeasurementConversion.API.Package.Measurement.Conversion.ApiPackageMeasurementConversionApplicationTests
2023-05-18 11:40:38.436 INFO  c.P.A.P.M.C.ApiPackageMeasurementConversionApplicationTests - Starting ApiPackageMeasurementConversionApplicationTests using Java 17.0.1 with PID 4932 (started by LAP-4 in C:\Users\LAP-4\Downloads\API Package Measurement Conversion\API-Package-Measurement-Conversion)
2023-05-18 11:40:38.437 INFO  c.P.A.P.M.C.ApiPackageMeasurementConversionApplicationTests - No active profile set, falling back to 1 default profile: "default"
2023-05-18 11:40:39.900 INFO  c.P.A.P.M.C.ApiPackageMeasurementConversionApplicationTests - Started ApiPackageMeasurementConversionApplicationTests in 1.732 seconds (process running for 3.132)
