2023-05-18 09:07:35.297 INFO  c.P.A.P.M.C.ApiPackageMeasurementConversionApplication - Starting ApiPackageMeasurementConversionApplication using Java 17.0.1 with PID 7820 (C:\Users\LAP-4\Downloads\API Package Measurement Conversion\API-Package-Measurement-Conversion\target\classes started by LAP-4 in C:\Users\LAP-4\Downloads\API Package Measurement Conversion)
2023-05-18 09:07:35.303 INFO  c.P.A.P.M.C.ApiPackageMeasurementConversionApplication - No active profile set, falling back to 1 default profile: "default"
2023-05-18 09:07:36.621 INFO  o.s.b.w.e.tomcat.TomcatWebServer - Tomcat initialized with port(s): 8080 (http)
2023-05-18 09:07:36.631 INFO  o.a.coyote.http11.Http11NioProtocol - Initializing ProtocolHandler ["http-nio-8080"]
2023-05-18 09:07:36.632 INFO  o.a.catalina.core.StandardService - Starting service [Tomcat]
2023-05-18 09:07:36.632 INFO  o.a.catalina.core.StandardEngine - Starting Servlet engine: [Apache Tomcat/10.1.8]
2023-05-18 09:07:36.756 INFO  o.a.c.c.C.[Tomcat].[localhost].[/] - Initializing Spring embedded WebApplicationContext
2023-05-18 09:07:36.757 INFO  o.s.b.w.s.c.ServletWebServerApplicationContext - Root WebApplicationContext: initialization completed in 1405 ms
2023-05-18 09:07:37.120 INFO  o.a.coyote.http11.Http11NioProtocol - Starting ProtocolHandler ["http-nio-8080"]
2023-05-18 09:07:37.140 INFO  o.s.b.w.e.tomcat.TomcatWebServer - Tomcat started on port(s): 8080 (http) with context path ''
2023-05-18 09:07:37.152 INFO  c.P.A.P.M.C.ApiPackageMeasurementConversionApplication - Started ApiPackageMeasurementConversionApplication in 2.339 seconds (process running for 3.607)
2023-05-18 09:26:28.045 INFO  c.P.A.P.M.C.ApiPackageMeasurementConversionApplication - Starting ApiPackageMeasurementConversionApplication using Java 17.0.1 with PID 9796 (C:\Users\LAP-4\Downloads\API Package Measurement Conversion\API-Package-Measurement-Conversion\target\classes started by LAP-4 in C:\Users\LAP-4\Downloads\API Package Measurement Conversion)
2023-05-18 09:26:28.047 INFO  c.P.A.P.M.C.ApiPackageMeasurementConversionApplication - No active profile set, falling back to 1 default profile: "default"
2023-05-18 09:26:29.313 INFO  o.s.b.w.e.tomcat.TomcatWebServer - Tomcat initialized with port(s): 8080 (http)
2023-05-18 09:26:29.332 INFO  o.a.coyote.http11.Http11NioProtocol - Initializing ProtocolHandler ["http-nio-8080"]
2023-05-18 09:26:29.333 INFO  o.a.catalina.core.StandardService - Starting service [Tomcat]
2023-05-18 09:26:29.334 INFO  o.a.catalina.core.StandardEngine - Starting Servlet engine: [Apache Tomcat/10.1.8]
2023-05-18 09:26:29.533 INFO  o.a.c.c.C.[Tomcat].[localhost].[/] - Initializing Spring embedded WebApplicationContext
2023-05-18 09:26:29.533 INFO  o.s.b.w.s.c.ServletWebServerApplicationContext - Root WebApplicationContext: initialization completed in 1441 ms
2023-05-18 09:26:30.250 INFO  o.a.coyote.http11.Http11NioProtocol - Starting ProtocolHandler ["http-nio-8080"]
2023-05-18 09:26:30.352 INFO  o.s.b.w.e.tomcat.TomcatWebServer - Tomcat started on port(s): 8080 (http) with context path ''
2023-05-18 09:26:30.372 INFO  c.P.A.P.M.C.ApiPackageMeasurementConversionApplication - Started ApiPackageMeasurementConversionApplication in 2.792 seconds (process running for 3.795)
2023-05-18 09:30:43.153 INFO  c.P.A.P.M.C.ApiPackageMeasurementConversionApplication - Starting ApiPackageMeasurementConversionApplication using Java 17.0.1 with PID 15896 (C:\Users\LAP-4\Downloads\API Package Measurement Conversion\API-Package-Measurement-Conversion\target\classes started by LAP-4 in C:\Users\LAP-4\Downloads\API Package Measurement Conversion)
2023-05-18 09:30:43.156 INFO  c.P.A.P.M.C.ApiPackageMeasurementConversionApplication - No active profile set, falling back to 1 default profile: "default"
2023-05-18 09:30:44.183 INFO  o.s.b.w.e.tomcat.TomcatWebServer - Tomcat initialized with port(s): 8080 (http)
2023-05-18 09:30:44.197 INFO  o.a.coyote.http11.Http11NioProtocol - Initializing ProtocolHandler ["http-nio-8080"]
2023-05-18 09:30:44.198 INFO  o.a.catalina.core.StandardService - Starting service [Tomcat]
2023-05-18 09:30:44.198 INFO  o.a.catalina.core.StandardEngine - Starting Servlet engine: [Apache Tomcat/10.1.8]
2023-05-18 09:30:44.364 INFO  o.a.c.c.C.[Tomcat].[localhost].[/] - Initializing Spring embedded WebApplicationContext
2023-05-18 09:30:44.365 INFO  o.s.b.w.s.c.ServletWebServerApplicationContext - Root WebApplicationContext: initialization completed in 1170 ms
2023-05-18 09:30:44.730 INFO  o.a.coyote.http11.Http11NioProtocol - Starting ProtocolHandler ["http-nio-8080"]
2023-05-18 09:30:44.749 INFO  o.s.b.w.e.tomcat.TomcatWebServer - Tomcat started on port(s): 8080 (http) with context path ''
2023-05-18 09:30:44.763 INFO  c.P.A.P.M.C.ApiPackageMeasurementConversionApplication - Started ApiPackageMeasurementConversionApplication in 2.107 seconds (process running for 3.093)
2023-05-18 09:36:32.031 INFO  c.P.A.P.M.C.ApiPackageMeasurementConversionApplication - Starting ApiPackageMeasurementConversionApplication using Java 17.0.1 with PID 14488 (C:\Users\LAP-4\Downloads\API Package Measurement Conversion\API-Package-Measurement-Conversion\target\classes started by LAP-4 in C:\Users\LAP-4\Downloads\API Package Measurement Conversion)
2023-05-18 09:36:32.034 INFO  c.P.A.P.M.C.ApiPackageMeasurementConversionApplication - No active profile set, falling back to 1 default profile: "default"
2023-05-18 09:36:33.159 INFO  o.s.b.w.e.tomcat.TomcatWebServer - Tomcat initialized with port(s): 8080 (http)
2023-05-18 09:36:33.173 INFO  o.a.coyote.http11.Http11NioProtocol - Initializing ProtocolHandler ["http-nio-8080"]
2023-05-18 09:36:33.174 INFO  o.a.catalina.core.StandardService - Starting service [Tomcat]
2023-05-18 09:36:33.174 INFO  o.a.catalina.core.StandardEngine - Starting Servlet engine: [Apache Tomcat/10.1.8]
2023-05-18 09:36:33.335 INFO  o.a.c.c.C.[Tomcat].[localhost].[/] - Initializing Spring embedded WebApplicationContext
2023-05-18 09:36:33.335 INFO  o.s.b.w.s.c.ServletWebServerApplicationContext - Root WebApplicationContext: initialization completed in 1260 ms
2023-05-18 09:36:33.700 INFO  o.a.coyote.http11.Http11NioProtocol - Starting ProtocolHandler ["http-nio-8080"]
2023-05-18 09:36:33.719 INFO  o.s.b.w.e.tomcat.TomcatWebServer - Tomcat started on port(s): 8080 (http) with context path ''
2023-05-18 09:36:33.731 INFO  c.P.A.P.M.C.ApiPackageMeasurementConversionApplication - Started ApiPackageMeasurementConversionApplication in 2.211 seconds (process running for 3.281)
2023-05-18 09:36:47.117 INFO  o.a.c.c.C.[Tomcat].[localhost].[/] - Initializing Spring DispatcherServlet 'dispatcherServlet'
2023-05-18 09:36:47.118 INFO  o.s.web.servlet.DispatcherServlet - Initializing Servlet 'dispatcherServlet'
2023-05-18 09:36:47.122 INFO  o.s.web.servlet.DispatcherServlet - Completed initialization in 3 ms
2023-05-18 11:20:32.906 INFO  c.P.A.P.M.C.ApiPackageMeasurementConversionApplication - Starting ApiPackageMeasurementConversionApplication using Java 17.0.1 with PID 16324 (C:\Users\LAP-4\Downloads\API Package Measurement Conversion\API-Package-Measurement-Conversion\target\classes started by LAP-4 in C:\Users\LAP-4\Downloads\API Package Measurement Conversion)
2023-05-18 11:20:32.911 INFO  c.P.A.P.M.C.ApiPackageMeasurementConversionApplication - No active profile set, falling back to 1 default profile: "default"
2023-05-18 11:20:33.890 INFO  o.s.b.w.e.tomcat.TomcatWebServer - Tomcat initialized with port(s): 8080 (http)
2023-05-18 11:20:33.900 INFO  o.a.coyote.http11.Http11NioProtocol - Initializing ProtocolHandler ["http-nio-8080"]
2023-05-18 11:20:33.901 INFO  o.a.catalina.core.StandardService - Starting service [Tomcat]
2023-05-18 11:20:33.901 INFO  o.a.catalina.core.StandardEngine - Starting Servlet engine: [Apache Tomcat/10.1.8]
2023-05-18 11:20:34.013 INFO  o.a.c.c.C.[Tomcat].[localhost].[/] - Initializing Spring embedded WebApplicationContext
2023-05-18 11:20:34.013 INFO  o.s.b.w.s.c.ServletWebServerApplicationContext - Root WebApplicationContext: initialization completed in 1057 ms
2023-05-18 11:20:34.384 INFO  o.a.coyote.http11.Http11NioProtocol - Starting ProtocolHandler ["http-nio-8080"]
2023-05-18 11:20:34.406 INFO  o.s.b.w.e.tomcat.TomcatWebServer - Tomcat started on port(s): 8080 (http) with context path ''
2023-05-18 11:20:34.417 INFO  c.P.A.P.M.C.ApiPackageMeasurementConversionApplication - Started ApiPackageMeasurementConversionApplication in 1.987 seconds (process running for 2.827)
