2023-05-17 10:27:27.051 INFO  c.P.A.P.M.C.ApiPackageMeasurementConversionApplication - Starting ApiPackageMeasurementConversionApplication using Java 17.0.1 with PID 10032 (C:\Users\LAP-4\Downloads\API Package Measurement Conversion\API-Package-Measurement-Conversion\target\classes started by LAP-4 in C:\Users\LAP-4\Downloads\API Package Measurement Conversion)
2023-05-17 10:27:27.055 INFO  c.P.A.P.M.C.ApiPackageMeasurementConversionApplication - No active profile set, falling back to 1 default profile: "default"
2023-05-17 10:27:28.280 INFO  o.s.b.w.e.tomcat.TomcatWebServer - Tomcat initialized with port(s): 8080 (http)
2023-05-17 10:27:28.295 INFO  o.a.coyote.http11.Http11NioProtocol - Initializing ProtocolHandler ["http-nio-8080"]
2023-05-17 10:27:28.297 INFO  o.a.catalina.core.StandardService - Starting service [Tomcat]
2023-05-17 10:27:28.297 INFO  o.a.catalina.core.StandardEngine - Starting Servlet engine: [Apache Tomcat/10.1.8]
2023-05-17 10:27:28.412 INFO  o.a.c.c.C.[Tomcat].[localhost].[/] - Initializing Spring embedded WebApplicationContext
2023-05-17 10:27:28.412 INFO  o.s.b.w.s.c.ServletWebServerApplicationContext - Root WebApplicationContext: initialization completed in 1313 ms
2023-05-17 10:27:28.746 INFO  o.a.coyote.http11.Http11NioProtocol - Starting ProtocolHandler ["http-nio-8080"]
2023-05-17 10:27:28.770 INFO  o.s.b.w.e.tomcat.TomcatWebServer - Tomcat started on port(s): 8080 (http) with context path ''
2023-05-17 10:27:28.779 INFO  c.P.A.P.M.C.ApiPackageMeasurementConversionApplication - Started ApiPackageMeasurementConversionApplication in 2.258 seconds (process running for 3.403)
2023-05-17 10:27:45.652 INFO  o.a.c.c.C.[Tomcat].[localhost].[/] - Initializing Spring DispatcherServlet 'dispatcherServlet'
2023-05-17 10:27:45.653 INFO  o.s.web.servlet.DispatcherServlet - Initializing Servlet 'dispatcherServlet'
2023-05-17 10:27:45.656 INFO  o.s.web.servlet.DispatcherServlet - Completed initialization in 2 ms
2023-05-17 11:10:49.845 INFO  c.P.A.P.M.C.ApiPackageMeasurementConversionApplication - Starting ApiPackageMeasurementConversionApplication using Java 17.0.1 with PID 7976 (C:\Users\LAP-4\Downloads\API Package Measurement Conversion\API-Package-Measurement-Conversion\target\classes started by LAP-4 in C:\Users\LAP-4\Downloads\API Package Measurement Conversion)
2023-05-17 11:10:49.848 INFO  c.P.A.P.M.C.ApiPackageMeasurementConversionApplication - No active profile set, falling back to 1 default profile: "default"
2023-05-17 11:10:50.806 INFO  o.s.b.w.e.tomcat.TomcatWebServer - Tomcat initialized with port(s): 8080 (http)
2023-05-17 11:10:50.823 INFO  o.a.coyote.http11.Http11NioProtocol - Initializing ProtocolHandler ["http-nio-8080"]
2023-05-17 11:10:50.825 INFO  o.a.catalina.core.StandardService - Starting service [Tomcat]
2023-05-17 11:10:50.826 INFO  o.a.catalina.core.StandardEngine - Starting Servlet engine: [Apache Tomcat/10.1.8]
2023-05-17 11:10:50.961 INFO  o.a.c.c.C.[Tomcat].[localhost].[/] - Initializing Spring embedded WebApplicationContext
2023-05-17 11:10:50.962 INFO  o.s.b.w.s.c.ServletWebServerApplicationContext - Root WebApplicationContext: initialization completed in 1076 ms
2023-05-17 11:10:51.292 INFO  o.a.coyote.http11.Http11NioProtocol - Starting ProtocolHandler ["http-nio-8080"]
2023-05-17 11:10:51.308 INFO  o.s.b.w.e.tomcat.TomcatWebServer - Tomcat started on port(s): 8080 (http) with context path ''
2023-05-17 11:10:51.316 INFO  c.P.A.P.M.C.ApiPackageMeasurementConversionApplication - Started ApiPackageMeasurementConversionApplication in 1.953 seconds (process running for 2.955)
2023-05-17 11:10:55.372 INFO  o.a.c.c.C.[Tomcat].[localhost].[/] - Initializing Spring DispatcherServlet 'dispatcherServlet'
2023-05-17 11:10:55.373 INFO  o.s.web.servlet.DispatcherServlet - Initializing Servlet 'dispatcherServlet'
2023-05-17 11:10:55.375 INFO  o.s.web.servlet.DispatcherServlet - Completed initialization in 2 ms
2023-05-17 11:21:03.532 INFO  c.P.A.P.M.C.ApiPackageMeasurementConversionApplication - Starting ApiPackageMeasurementConversionApplication using Java 17.0.1 with PID 13460 (C:\Users\LAP-4\Downloads\API Package Measurement Conversion\API-Package-Measurement-Conversion\target\classes started by LAP-4 in C:\Users\LAP-4\Downloads\API Package Measurement Conversion)
2023-05-17 11:21:03.536 INFO  c.P.A.P.M.C.ApiPackageMeasurementConversionApplication - No active profile set, falling back to 1 default profile: "default"
2023-05-17 11:21:04.575 INFO  o.s.b.w.e.tomcat.TomcatWebServer - Tomcat initialized with port(s): 8080 (http)
2023-05-17 11:21:04.583 INFO  o.a.coyote.http11.Http11NioProtocol - Initializing ProtocolHandler ["http-nio-8080"]
2023-05-17 11:21:04.585 INFO  o.a.catalina.core.StandardService - Starting service [Tomcat]
2023-05-17 11:21:04.585 INFO  o.a.catalina.core.StandardEngine - Starting Servlet engine: [Apache Tomcat/10.1.8]
2023-05-17 11:21:04.707 INFO  o.a.c.c.C.[Tomcat].[localhost].[/] - Initializing Spring embedded WebApplicationContext
2023-05-17 11:21:04.707 INFO  o.s.b.w.s.c.ServletWebServerApplicationContext - Root WebApplicationContext: initialization completed in 1132 ms
2023-05-17 11:21:05.104 INFO  o.a.coyote.http11.Http11NioProtocol - Starting ProtocolHandler ["http-nio-8080"]
2023-05-17 11:21:05.119 INFO  o.s.b.w.e.tomcat.TomcatWebServer - Tomcat started on port(s): 8080 (http) with context path ''
2023-05-17 11:21:05.126 INFO  c.P.A.P.M.C.ApiPackageMeasurementConversionApplication - Started ApiPackageMeasurementConversionApplication in 1.983 seconds (process running for 2.808)
2023-05-17 11:21:15.060 INFO  o.a.c.c.C.[Tomcat].[localhost].[/] - Initializing Spring DispatcherServlet 'dispatcherServlet'
2023-05-17 11:21:15.061 INFO  o.s.web.servlet.DispatcherServlet - Initializing Servlet 'dispatcherServlet'
2023-05-17 11:21:15.063 INFO  o.s.web.servlet.DispatcherServlet - Completed initialization in 1 ms
2023-05-17 11:21:51.548 INFO  c.P.A.P.M.C.ApiPackageMeasurementConversionApplication - Starting ApiPackageMeasurementConversionApplication using Java 17.0.1 with PID 10356 (C:\Users\LAP-4\Downloads\API Package Measurement Conversion\API-Package-Measurement-Conversion\target\classes started by LAP-4 in C:\Users\LAP-4\Downloads\API Package Measurement Conversion)
2023-05-17 11:21:51.551 INFO  c.P.A.P.M.C.ApiPackageMeasurementConversionApplication - No active profile set, falling back to 1 default profile: "default"
2023-05-17 11:21:52.468 INFO  o.s.b.w.e.tomcat.TomcatWebServer - Tomcat initialized with port(s): 8080 (http)
2023-05-17 11:21:52.476 INFO  o.a.coyote.http11.Http11NioProtocol - Initializing ProtocolHandler ["http-nio-8080"]
2023-05-17 11:21:52.477 INFO  o.a.catalina.core.StandardService - Starting service [Tomcat]
2023-05-17 11:21:52.477 INFO  o.a.catalina.core.StandardEngine - Starting Servlet engine: [Apache Tomcat/10.1.8]
2023-05-17 11:21:52.662 INFO  o.a.c.c.C.[Tomcat].[localhost].[/] - Initializing Spring embedded WebApplicationContext
2023-05-17 11:21:52.663 INFO  o.s.b.w.s.c.ServletWebServerApplicationContext - Root WebApplicationContext: initialization completed in 1069 ms
2023-05-17 11:21:53.106 INFO  o.a.coyote.http11.Http11NioProtocol - Starting ProtocolHandler ["http-nio-8080"]
2023-05-17 11:21:53.157 INFO  o.s.b.w.e.tomcat.TomcatWebServer - Tomcat started on port(s): 8080 (http) with context path ''
2023-05-17 11:21:53.168 INFO  c.P.A.P.M.C.ApiPackageMeasurementConversionApplication - Started ApiPackageMeasurementConversionApplication in 1.967 seconds (process running for 2.73)
2023-05-17 11:21:57.326 INFO  o.a.c.c.C.[Tomcat].[localhost].[/] - Initializing Spring DispatcherServlet 'dispatcherServlet'
2023-05-17 11:21:57.327 INFO  o.s.web.servlet.DispatcherServlet - Initializing Servlet 'dispatcherServlet'
2023-05-17 11:21:57.329 INFO  o.s.web.servlet.DispatcherServlet - Completed initialization in 2 ms
2023-05-17 12:44:04.085 INFO  c.P.A.P.M.C.ApiPackageMeasurementConversionApplication - Starting ApiPackageMeasurementConversionApplication using Java 17.0.1 with PID 4036 (C:\Users\LAP-4\Downloads\API Package Measurement Conversion\API-Package-Measurement-Conversion\target\classes started by LAP-4 in C:\Users\LAP-4\Downloads\API Package Measurement Conversion)
2023-05-17 12:44:04.088 INFO  c.P.A.P.M.C.ApiPackageMeasurementConversionApplication - No active profile set, falling back to 1 default profile: "default"
2023-05-17 12:44:04.976 INFO  o.s.b.w.e.tomcat.TomcatWebServer - Tomcat initialized with port(s): 8080 (http)
2023-05-17 12:44:04.992 INFO  o.a.coyote.http11.Http11NioProtocol - Initializing ProtocolHandler ["http-nio-8080"]
2023-05-17 12:44:04.994 INFO  o.a.catalina.core.StandardService - Starting service [Tomcat]
2023-05-17 12:44:04.994 INFO  o.a.catalina.core.StandardEngine - Starting Servlet engine: [Apache Tomcat/10.1.8]
2023-05-17 12:44:05.102 INFO  o.a.c.c.C.[Tomcat].[localhost].[/] - Initializing Spring embedded WebApplicationContext
2023-05-17 12:44:05.102 INFO  o.s.b.w.s.c.ServletWebServerApplicationContext - Root WebApplicationContext: initialization completed in 975 ms
2023-05-17 12:44:05.522 INFO  o.a.coyote.http11.Http11NioProtocol - Starting ProtocolHandler ["http-nio-8080"]
2023-05-17 12:44:05.552 INFO  o.s.b.w.e.tomcat.TomcatWebServer - Tomcat started on port(s): 8080 (http) with context path ''
2023-05-17 12:44:05.569 INFO  c.P.A.P.M.C.ApiPackageMeasurementConversionApplication - Started ApiPackageMeasurementConversionApplication in 1.789 seconds (process running for 2.622)
2023-05-17 12:44:52.519 INFO  c.P.A.P.M.C.ApiPackageMeasurementConversionApplication - Starting ApiPackageMeasurementConversionApplication using Java 17.0.1 with PID 264 (C:\Users\LAP-4\Downloads\API Package Measurement Conversion\API-Package-Measurement-Conversion\target\classes started by LAP-4 in C:\Users\LAP-4\Downloads\API Package Measurement Conversion)
2023-05-17 12:44:52.524 INFO  c.P.A.P.M.C.ApiPackageMeasurementConversionApplication - No active profile set, falling back to 1 default profile: "default"
2023-05-17 12:44:53.404 INFO  o.s.b.w.e.tomcat.TomcatWebServer - Tomcat initialized with port(s): 8080 (http)
2023-05-17 12:44:53.414 INFO  o.a.coyote.http11.Http11NioProtocol - Initializing ProtocolHandler ["http-nio-8080"]
2023-05-17 12:44:53.415 INFO  o.a.catalina.core.StandardService - Starting service [Tomcat]
2023-05-17 12:44:53.415 INFO  o.a.catalina.core.StandardEngine - Starting Servlet engine: [Apache Tomcat/10.1.8]
2023-05-17 12:44:53.519 INFO  o.a.c.c.C.[Tomcat].[localhost].[/] - Initializing Spring embedded WebApplicationContext
2023-05-17 12:44:53.520 INFO  o.s.b.w.s.c.ServletWebServerApplicationContext - Root WebApplicationContext: initialization completed in 948 ms
2023-05-17 12:44:53.851 INFO  o.a.coyote.http11.Http11NioProtocol - Starting ProtocolHandler ["http-nio-8080"]
2023-05-17 12:44:53.876 INFO  o.s.b.w.e.tomcat.TomcatWebServer - Tomcat started on port(s): 8080 (http) with context path ''
2023-05-17 12:44:53.893 INFO  c.P.A.P.M.C.ApiPackageMeasurementConversionApplication - Started ApiPackageMeasurementConversionApplication in 1.708 seconds (process running for 2.454)
2023-05-17 12:44:58.384 INFO  o.a.c.c.C.[Tomcat].[localhost].[/] - Initializing Spring DispatcherServlet 'dispatcherServlet'
2023-05-17 12:44:58.384 INFO  o.s.web.servlet.DispatcherServlet - Initializing Servlet 'dispatcherServlet'
2023-05-17 12:44:58.385 INFO  o.s.web.servlet.DispatcherServlet - Completed initialization in 1 ms
2023-05-17 12:52:26.409 INFO  c.P.A.P.M.C.ApiPackageMeasurementConversionApplication - Starting ApiPackageMeasurementConversionApplication using Java 17.0.1 with PID 13648 (C:\Users\LAP-4\Downloads\API Package Measurement Conversion\API-Package-Measurement-Conversion\target\classes started by LAP-4 in C:\Users\LAP-4\Downloads\API Package Measurement Conversion)
2023-05-17 12:52:26.413 INFO  c.P.A.P.M.C.ApiPackageMeasurementConversionApplication - No active profile set, falling back to 1 default profile: "default"
2023-05-17 12:52:27.303 INFO  o.s.b.w.e.tomcat.TomcatWebServer - Tomcat initialized with port(s): 8080 (http)
2023-05-17 12:52:27.311 INFO  o.a.coyote.http11.Http11NioProtocol - Initializing ProtocolHandler ["http-nio-8080"]
2023-05-17 12:52:27.312 INFO  o.a.catalina.core.StandardService - Starting service [Tomcat]
2023-05-17 12:52:27.313 INFO  o.a.catalina.core.StandardEngine - Starting Servlet engine: [Apache Tomcat/10.1.8]
2023-05-17 12:52:27.423 INFO  o.a.c.c.C.[Tomcat].[localhost].[/] - Initializing Spring embedded WebApplicationContext
2023-05-17 12:52:27.424 INFO  o.s.b.w.s.c.ServletWebServerApplicationContext - Root WebApplicationContext: initialization completed in 968 ms
2023-05-17 12:52:27.786 INFO  o.a.coyote.http11.Http11NioProtocol - Starting ProtocolHandler ["http-nio-8080"]
2023-05-17 12:52:27.816 INFO  o.s.b.w.e.tomcat.TomcatWebServer - Tomcat started on port(s): 8080 (http) with context path ''
2023-05-17 12:52:27.832 INFO  c.P.A.P.M.C.ApiPackageMeasurementConversionApplication - Started ApiPackageMeasurementConversionApplication in 1.801 seconds (process running for 2.489)
2023-05-17 12:52:34.608 INFO  o.a.c.c.C.[Tomcat].[localhost].[/] - Initializing Spring DispatcherServlet 'dispatcherServlet'
2023-05-17 12:52:34.610 INFO  o.s.web.servlet.DispatcherServlet - Initializing Servlet 'dispatcherServlet'
2023-05-17 12:52:34.613 INFO  o.s.web.servlet.DispatcherServlet - Completed initialization in 3 ms
2023-05-17 13:06:41.895 WARN  o.s.w.s.m.s.DefaultHandlerExceptionResolver - Resolved [org.springframework.web.bind.MissingServletRequestParameterException: Required request parameter 'input' for method parameter type String is not present]
2023-05-17 13:06:55.119 WARN  o.s.w.s.m.s.DefaultHandlerExceptionResolver - Resolved [org.springframework.web.bind.MissingServletRequestParameterException: Required request parameter 'input' for method parameter type String is not present]
2023-05-17 13:52:52.128 INFO  c.P.A.P.M.C.ApiPackageMeasurementConversionApplication - Starting ApiPackageMeasurementConversionApplication using Java 17.0.1 with PID 15528 (C:\Users\LAP-4\Downloads\API Package Measurement Conversion\API-Package-Measurement-Conversion\target\classes started by LAP-4 in C:\Users\LAP-4\Downloads\API Package Measurement Conversion)
2023-05-17 13:52:52.132 INFO  c.P.A.P.M.C.ApiPackageMeasurementConversionApplication - No active profile set, falling back to 1 default profile: "default"
2023-05-17 13:52:53.316 INFO  o.s.b.w.e.tomcat.TomcatWebServer - Tomcat initialized with port(s): 8080 (http)
2023-05-17 13:52:53.335 INFO  o.a.coyote.http11.Http11NioProtocol - Initializing ProtocolHandler ["http-nio-8080"]
2023-05-17 13:52:53.337 INFO  o.a.catalina.core.StandardService - Starting service [Tomcat]
2023-05-17 13:52:53.337 INFO  o.a.catalina.core.StandardEngine - Starting Servlet engine: [Apache Tomcat/10.1.8]
2023-05-17 13:52:53.486 INFO  o.a.c.c.C.[Tomcat].[localhost].[/] - Initializing Spring embedded WebApplicationContext
2023-05-17 13:52:53.487 INFO  o.s.b.w.s.c.ServletWebServerApplicationContext - Root WebApplicationContext: initialization completed in 1274 ms
2023-05-17 13:52:53.870 INFO  o.a.coyote.http11.Http11NioProtocol - Starting ProtocolHandler ["http-nio-8080"]
2023-05-17 13:52:53.891 INFO  o.s.b.w.e.tomcat.TomcatWebServer - Tomcat started on port(s): 8080 (http) with context path ''
2023-05-17 13:52:53.901 INFO  c.P.A.P.M.C.ApiPackageMeasurementConversionApplication - Started ApiPackageMeasurementConversionApplication in 2.401 seconds (process running for 3.458)
2023-05-17 13:52:57.938 INFO  o.a.c.c.C.[Tomcat].[localhost].[/] - Initializing Spring DispatcherServlet 'dispatcherServlet'
2023-05-17 13:52:57.938 INFO  o.s.web.servlet.DispatcherServlet - Initializing Servlet 'dispatcherServlet'
2023-05-17 13:52:57.940 INFO  o.s.web.servlet.DispatcherServlet - Completed initialization in 2 ms
2023-05-17 13:54:00.210 INFO  c.P.A.P.M.C.ApiPackageMeasurementConversionApplication - Starting ApiPackageMeasurementConversionApplication using Java 17.0.1 with PID 16096 (C:\Users\LAP-4\Downloads\API Package Measurement Conversion\API-Package-Measurement-Conversion\target\classes started by LAP-4 in C:\Users\LAP-4\Downloads\API Package Measurement Conversion)
2023-05-17 13:54:00.213 INFO  c.P.A.P.M.C.ApiPackageMeasurementConversionApplication - No active profile set, falling back to 1 default profile: "default"
2023-05-17 13:54:01.411 INFO  o.s.b.w.e.tomcat.TomcatWebServer - Tomcat initialized with port(s): 8080 (http)
2023-05-17 13:54:01.432 INFO  o.a.coyote.http11.Http11NioProtocol - Initializing ProtocolHandler ["http-nio-8080"]
2023-05-17 13:54:01.434 INFO  o.a.catalina.core.StandardService - Starting service [Tomcat]
2023-05-17 13:54:01.434 INFO  o.a.catalina.core.StandardEngine - Starting Servlet engine: [Apache Tomcat/10.1.8]
2023-05-17 13:54:01.625 INFO  o.a.c.c.C.[Tomcat].[localhost].[/] - Initializing Spring embedded WebApplicationContext
2023-05-17 13:54:01.626 INFO  o.s.b.w.s.c.ServletWebServerApplicationContext - Root WebApplicationContext: initialization completed in 1373 ms
2023-05-17 13:54:02.066 INFO  o.a.coyote.http11.Http11NioProtocol - Starting ProtocolHandler ["http-nio-8080"]
2023-05-17 13:54:02.083 INFO  o.s.b.w.e.tomcat.TomcatWebServer - Tomcat started on port(s): 8080 (http) with context path ''
2023-05-17 13:54:02.091 INFO  c.P.A.P.M.C.ApiPackageMeasurementConversionApplication - Started ApiPackageMeasurementConversionApplication in 2.329 seconds (process running for 3.411)
2023-05-17 13:54:02.348 INFO  o.a.c.c.C.[Tomcat].[localhost].[/] - Initializing Spring DispatcherServlet 'dispatcherServlet'
2023-05-17 13:54:02.348 INFO  o.s.web.servlet.DispatcherServlet - Initializing Servlet 'dispatcherServlet'
2023-05-17 13:54:02.349 INFO  o.s.web.servlet.DispatcherServlet - Completed initialization in 0 ms
2023-05-17 13:55:38.876 INFO  c.P.A.P.M.C.ApiPackageMeasurementConversionApplication - Starting ApiPackageMeasurementConversionApplication using Java 17.0.1 with PID 13940 (C:\Users\LAP-4\Downloads\API Package Measurement Conversion\API-Package-Measurement-Conversion\target\classes started by LAP-4 in C:\Users\LAP-4\Downloads\API Package Measurement Conversion)
2023-05-17 13:55:38.879 INFO  c.P.A.P.M.C.ApiPackageMeasurementConversionApplication - No active profile set, falling back to 1 default profile: "default"
2023-05-17 13:55:39.751 INFO  o.s.b.w.e.tomcat.TomcatWebServer - Tomcat initialized with port(s): 8080 (http)
2023-05-17 13:55:39.758 INFO  o.a.coyote.http11.Http11NioProtocol - Initializing ProtocolHandler ["http-nio-8080"]
2023-05-17 13:55:39.760 INFO  o.a.catalina.core.StandardService - Starting service [Tomcat]
2023-05-17 13:55:39.760 INFO  o.a.catalina.core.StandardEngine - Starting Servlet engine: [Apache Tomcat/10.1.8]
2023-05-17 13:55:39.865 INFO  o.a.c.c.C.[Tomcat].[localhost].[/] - Initializing Spring embedded WebApplicationContext
2023-05-17 13:55:39.866 INFO  o.s.b.w.s.c.ServletWebServerApplicationContext - Root WebApplicationContext: initialization completed in 922 ms
2023-05-17 13:55:40.282 INFO  o.a.coyote.http11.Http11NioProtocol - Starting ProtocolHandler ["http-nio-8080"]
2023-05-17 13:55:40.301 INFO  o.s.b.w.e.tomcat.TomcatWebServer - Tomcat started on port(s): 8080 (http) with context path ''
2023-05-17 13:55:40.309 INFO  c.P.A.P.M.C.ApiPackageMeasurementConversionApplication - Started ApiPackageMeasurementConversionApplication in 1.892 seconds (process running for 2.645)
2023-05-17 13:55:48.400 INFO  o.a.c.c.C.[Tomcat].[localhost].[/] - Initializing Spring DispatcherServlet 'dispatcherServlet'
2023-05-17 13:55:48.400 INFO  o.s.web.servlet.DispatcherServlet - Initializing Servlet 'dispatcherServlet'
2023-05-17 13:55:48.403 INFO  o.s.web.servlet.DispatcherServlet - Completed initialization in 1 ms
